tensor([[0.1429, 0.0000, 0.0000,  ..., 0.0000, 0.0000, 0.0000],
        [0.0000, 0.0769, 0.0000,  ..., 0.0000, 0.0000, 0.0000],
        [0.0000, 0.0000, 0.0833,  ..., 0.0000, 0.0000, 0.0000],
        ...,
        [0.0000, 0.0000, 0.0000,  ..., 0.0769, 0.0000, 0.0000],
        [0.0000, 0.0000, 0.0000,  ..., 0.0000, 0.5000, 0.0000],
        [0.0000, 0.0000, 0.0000,  ..., 0.0000, 0.0000, 0.0588]],
       device='cuda:0')
tensor([[0.0000, 0.0000, 0.0000,  ..., 0.0000, 0.0000, 0.0000],
        [0.0000, 0.0000, 0.0000,  ..., 0.0000, 0.5000, 0.0000],
        [0.0000, 0.0000, 0.0000,  ..., 0.0000, 0.0000, 0.0000],
        ...,
        [0.0000, 0.0000, 0.0000,  ..., 0.0000, 0.0000, 0.0000],
        [0.0000, 0.0769, 0.0000,  ..., 0.0000, 0.0000, 0.0000],
        [0.0000, 0.0000, 0.0000,  ..., 0.0000, 0.0000, 0.0000]],
       device='cuda:0')
tensor([[0.5427],
        [1.4445],
        [0.9219],
        [1.0024],
        [1.6397],
        [0.9025],
        [1.4430],
        [1.2487],
        [1.5037],
        [0.8592],
        [1.0113],
        [1.1531],
        [1.4026],
        [0.8371],
        [1.0877],
        [1.1661],
        [1.1375],
        [0.9653],
        [1.1701],
        [1.2091],
        [0.5916],
        [0.3567],
        [1.0007],
        [1.1414],
        [0.9927],
        [0.7322],
        [1.0208],
        [1.1900],
        [1.0616],
        [1.1097],
        [0.6135],
        [1.0727],
        [0.8641],
        [0.7661],
        [1.4561],
        [0.7937],
        [0.7515],
        [1.4962],
        [1.4780],
        [1.2450],
        [0.9391],
        [1.5835],
        [0.6813],
        [1.5003],
        [1.0348],
        [1.2295],
        [1.7670],
        [1.9462],
        [1.1239],
        [1.3013],
        [0.9921],
        [1.0156],
        [0.9937],
        [0.7794],
        [1.1869],
        [0.8415],
        [1.1952],
        [1.2786],
        [1.3356],
        [0.8819],
        [1.1390],
        [1.2137],
        [1.6482],
        [1.1960],
        [0.6898],
        [0.8975],
        [1.2284],
        [1.2721],
        [1.2195],
        [0.6473],
        [1.0465],
        [1.5363],
        [1.6885],
        [1.0633],
        [1.3343],
        [1.0846],
        [0.8012],
        [1.1566],
        [1.2635],
        [1.0640],
        [0.8199],
        [0.6007],
        [1.2882],
        [1.3741],
        [0.7809],
        [0.8443],
        [1.2548],
        [0.9498],
        [1.2726],
        [0.7820],
        [1.1795],
        [0.9016],
        [1.1987],
        [0.9011],
        [1.0971],
        [1.2335],
        [0.6796],
        [0.9226],
        [1.4247],
        [1.1615],
        [0.7403],
        [1.4649],
        [0.7268],
        [0.6215],
        [1.0179],
        [1.2877],
        [1.0430],
        [0.5952],
        [0.5480],
        [1.0417],
        [1.3074],
        [0.9595],
        [0.8817],
        [1.6195],
        [0.8726],
        [1.3969],
        [1.3307],
        [0.9763],
        [1.3324],
        [1.1742],
        [1.2039],
        [1.0950],
        [1.2085],
        [0.8544],
        [0.4817],
        [1.4511],
        [1.0424],
        [1.1632],
        [0.9419],
        [1.3131],
        [1.4912],
        [1.4922],
        [1.3706],
        [1.1972],
        [1.2228],
        [1.1718],
        [0.6697],
        [0.7535],
        [0.9423],
        [0.7235],
        [1.8239],
        [0.7985],
        [0.7639],
        [1.0521],
        [0.5848],
        [0.9067],
        [0.6732],
        [1.1518],
        [0.9390],
        [1.0163],
        [1.0085],
        [1.3019],
        [0.3012],
        [0.8618],
        [1.1308],
        [0.9297],
        [1.0605],
        [1.0445],
        [0.8156],
        [1.0031],
        [1.3371],
        [1.7926],
        [0.7563],
        [0.4829],
        [1.4192],
        [0.7018],
        [1.8902],
        [1.3609],
        [1.3933],
        [0.9774],
        [1.1150],
        [1.1759],
        [0.7927],
        [1.2355],
        [1.4685],
        [0.6294],
        [1.0315],
        [1.2841],
        [1.2178],
        [0.9599],
        [0.8938],
        [0.6039],
        [1.5531],
        [1.0344],
        [1.0157],
        [1.2186],
        [1.1471],
        [0.9714],
        [1.4106],
        [1.4130],
        [1.3699],
        [0.5483],
        [0.9071],
        [1.0572],
        [1.6171],
        [1.2709],
        [1.2212],
        [1.0251],
        [1.2428],
        [1.0073],
        [1.1121],
        [1.2686],
        [1.9318],
        [1.0990],
        [0.9933],
        [0.8725],
        [1.1449],
        [0.4909],
        [0.5767],
        [1.3532],
        [0.7558],
        [2.0338],
        [1.4462],
        [0.9533],
        [0.9475],
        [1.2166],
        [0.4175],
        [1.2651],
        [1.2896],
        [1.0038],
        [1.4416],
        [1.3912],
        [0.6903],
        [0.8538],
        [1.0201],
        [1.3061],
        [1.2940],
        [0.8547],
        [1.0951],
        [1.2075],
        [1.1722],
        [1.0812],
        [1.3893],
        [0.6506],
        [1.0392],
        [1.1871],
        [1.3709],
        [1.2636],
        [1.2386],
        [1.1509],
        [1.1968],
        [1.4784],
        [0.9393],
        [0.6799],
        [1.0632],
        [0.9628],
        [1.0387],
        [1.0080],
        [1.1693],
        [0.7641],
        [0.7067],
        [0.8015],
        [1.1960],
        [0.9061],
        [1.2803],
        [1.2818],
        [1.5517],
        [0.5846],
        [1.0228],
        [0.5780],
        [1.4961],
        [1.4490],
        [0.8257],
        [1.1398],
        [1.6482],
        [1.4807],
        [0.7798],
        [0.6127],
        [0.6124],
        [1.1406],
        [1.1440],
        [1.1296],
        [1.0582],
        [1.2206],
        [0.9090],
        [1.3850],
        [1.2476],
        [0.5155],
        [0.8940],
        [1.3571],
        [1.0858],
        [1.3011],
        [1.0403],
        [1.0416],
        [0.7616],
        [1.7400],
        [1.4676],
        [1.3966],
        [1.5445],
        [1.2093],
        [1.0527],
        [1.1137],
        [1.0007],
        [1.0481],
        [1.2775],
        [1.5873],
        [1.2613],
        [1.2444],
        [0.9120],
        [0.7721],
        [0.6853],
        [1.1926],
        [0.3855],
        [1.4750],
        [0.9509],
        [0.7649],
        [0.8036],
        [1.2795],
        [0.5565],
        [0.7018],
        [0.8484],
        [1.5018],
        [1.1076],
        [1.3665],
        [1.0832],
        [0.6862],
        [1.0746],
        [0.7293],
        [1.0824],
        [0.8580],
        [1.2219],
        [1.2279],
        [1.2306],
        [1.2278],
        [1.4533],
        [0.8328],
        [1.3992],
        [1.5934],
        [1.3870],
        [0.6130],
        [1.1365],
        [0.5821],
        [0.5212],
        [1.1021],
        [1.1876],
        [0.8601],
        [1.3322],
        [0.9364],
        [1.2790],
        [0.9884],
        [1.2530],
        [1.1250],
        [0.7536],
        [0.9149],
        [1.3088],
        [1.8880],
        [1.4703],
        [1.0457],
        [1.2322],
        [0.8702],
        [1.1294],
        [1.4241],
        [1.1249],
        [1.0719],
        [1.1377],
        [0.8667],
        [1.2816],
        [0.6191],
        [1.2247],
        [0.8937],
        [0.7227],
        [1.2394],
        [1.3224],
        [0.6109],
        [0.3881],
        [0.6539],
        [1.0271],
        [1.6658],
        [1.0011],
        [0.9330],
        [1.2310],
        [1.5866],
        [1.2268],
        [0.5854],
        [1.0419],
        [0.6333],
        [0.9330],
        [0.9513],
        [0.7853],
        [1.2167],
        [0.8703],
        [0.6324],
        [0.9152],
        [0.9698],
        [1.1133],
        [1.0323],
        [1.2132],
        [0.9131],
        [1.1044],
        [1.1793],
        [1.4465],
        [1.2613],
        [0.7613],
        [1.4182],
        [1.2340],
        [1.1888],
        [1.0028],
        [1.0395],
        [0.2038],
        [1.3496]], device='cuda:0')
