tensor([[0.2000],
        [0.5000],
        [0.3333],
        [0.2500],
        [0.5000],
        [0.2500],
        [0.2500],
        [0.2500],
        [0.2500],
        [0.2500]], device='cuda:0')
tensor([[1.7500],
        [0.8333],
        [1.2500],
        [1.4500],
        [0.7000],
        [1.5833],
        [1.2833],
        [1.2833],
        [1.7000],
        [1.2000]], device='cuda:0')
tensor([[0.3500],
        [0.4167],
        [0.4167],
        [0.3625],
        [0.3500],
        [0.3958],
        [0.3208],
        [0.3208],
        [0.4250],
        [0.3000]], device='cuda:0')
tensor([0.3500], device='cuda:0')
