tensor([[0.2500],
        [0.2000],
        [0.3333],
        [0.2500],
        [0.3333],
        [0.1667],
        [0.3333],
        [0.2000],
        [0.3333],
        [0.2500]], device='cuda:0')
tensor([[1.3667],
        [1.5333],
        [1.1167],
        [1.1500],
        [1.1667],
        [1.8167],
        [0.9500],
        [1.4500],
        [0.9500],
        [1.1500]], device='cuda:0')
tensor([[0.3417],
        [0.3067],
        [0.3722],
        [0.2875],
        [0.3889],
        [0.3028],
        [0.3167],
        [0.2900],
        [0.3167],
        [0.2875]], device='cuda:0')
tensor([[0.3417, 0.0000, 0.0000, 0.0000, 0.0000, 0.0000, 0.0000, 0.0000, 0.0000,
         0.0000],
        [0.0000, 0.3067, 0.0000, 0.0000, 0.0000, 0.0000, 0.0000, 0.0000, 0.0000,
         0.0000],
        [0.0000, 0.0000, 0.3722, 0.0000, 0.0000, 0.0000, 0.0000, 0.0000, 0.0000,
         0.0000],
        [0.0000, 0.0000, 0.0000, 0.2875, 0.0000, 0.0000, 0.0000, 0.0000, 0.0000,
         0.0000],
        [0.0000, 0.0000, 0.0000, 0.0000, 0.3889, 0.0000, 0.0000, 0.0000, 0.0000,
         0.0000],
        [0.0000, 0.0000, 0.0000, 0.0000, 0.0000, 0.3028, 0.0000, 0.0000, 0.0000,
         0.0000],
        [0.0000, 0.0000, 0.0000, 0.0000, 0.0000, 0.0000, 0.3167, 0.0000, 0.0000,
         0.0000],
        [0.0000, 0.0000, 0.0000, 0.0000, 0.0000, 0.0000, 0.0000, 0.2900, 0.0000,
         0.0000],
        [0.0000, 0.0000, 0.0000, 0.0000, 0.0000, 0.0000, 0.0000, 0.0000, 0.3167,
         0.0000],
        [0.0000, 0.0000, 0.0000, 0.0000, 0.0000, 0.0000, 0.0000, 0.0000, 0.0000,
         0.2875]], device='cuda:0')
