tensor([[18.,  0.,  0.,  ...,  0.,  0.,  0.],
        [ 0., 13.,  0.,  ...,  0.,  0.,  0.],
        [ 0.,  0., 15.,  ...,  0.,  0.,  0.],
        ...,
        [ 0.,  0.,  0.,  ..., 15.,  0.,  0.],
        [ 0.,  0.,  0.,  ...,  0., 15.,  0.],
        [ 0.,  0.,  0.,  ...,  0.,  0., 18.]], device='cuda:0')
tensor([[13., 12., 12.,  ...,  0.,  0.,  0.],
        [12., 13., 12.,  ...,  0.,  0.,  0.],
        [12., 12., 13.,  ...,  0.,  0.,  0.],
        ...,
        [ 0.,  0.,  0.,  ..., 12., 11., 11.],
        [ 0.,  0.,  0.,  ..., 11., 12., 11.],
        [ 0.,  0.,  0.,  ..., 11., 11., 12.]], device='cuda:0')
tensor([[19.,  0.,  0.,  ...,  0.,  0.,  0.],
        [ 0., 14.,  0.,  ...,  0.,  0.,  0.],
        [ 0.,  0., 16.,  ...,  0.,  0.,  0.],
        ...,
        [ 0.,  0.,  0.,  ..., 16.,  0.,  0.],
        [ 0.,  0.,  0.,  ...,  0., 16.,  0.],
        [ 0.,  0.,  0.,  ...,  0.,  0., 19.]])
tensor([[14., 14., 14.,  ...,  0.,  0.,  0.],
        [14., 14., 14.,  ...,  0.,  0.,  0.],
        [14., 14., 14.,  ...,  0.,  0.,  0.],
        ...,
        [ 0.,  0.,  0.,  ..., 13., 13., 13.],
        [ 0.,  0.,  0.,  ..., 13., 13., 13.],
        [ 0.,  0.,  0.,  ..., 13., 13., 13.]])
tensor([[0., 0., 0.,  ..., 0., 0., 0.],
        [0., 0., 0.,  ..., 0., 0., 0.],
        [0., 0., 0.,  ..., 0., 0., 0.],
        ...,
        [0., 0., 0.,  ..., 0., 0., 0.],
        [0., 0., 0.,  ..., 0., 0., 0.],
        [0., 0., 0.,  ..., 0., 0., 0.]], device='cuda:0')
2019-05-02 18:04:04.283006 [epoch 0 iteration 0]loss 2.031 | overlap 0.128
tensor([[21.,  0.,  0.,  ...,  0.,  0.,  0.],
        [ 0., 14.,  0.,  ...,  0.,  0.,  0.],
        [ 0.,  0., 16.,  ...,  0.,  0.,  0.],
        ...,
        [ 0.,  0.,  0.,  ..., 23.,  0.,  0.],
        [ 0.,  0.,  0.,  ...,  0., 15.,  0.],
        [ 0.,  0.,  0.,  ...,  0.,  0., 22.]], device='cuda:0')
tensor([[15., 14., 14.,  ...,  0.,  0.,  0.],
        [14., 15., 14.,  ...,  0.,  0.,  0.],
        [14., 14., 15.,  ...,  0.,  0.,  0.],
        ...,
        [ 0.,  0.,  0.,  ..., 11., 10., 10.],
        [ 0.,  0.,  0.,  ..., 10., 11., 10.],
        [ 0.,  0.,  0.,  ..., 10., 10., 11.]], device='cuda:0')
tensor([[22.,  0.,  0.,  ...,  0.,  0.,  0.],
        [ 0., 15.,  0.,  ...,  0.,  0.,  0.],
        [ 0.,  0., 17.,  ...,  0.,  0.,  0.],
        ...,
        [ 0.,  0.,  0.,  ..., 24.,  0.,  0.],
        [ 0.,  0.,  0.,  ...,  0., 16.,  0.],
        [ 0.,  0.,  0.,  ...,  0.,  0., 23.]])
tensor([[16., 16., 16.,  ...,  0.,  0.,  0.],
        [16., 16., 16.,  ...,  0.,  0.,  0.],
        [16., 16., 16.,  ...,  0.,  0.,  0.],
        ...,
        [ 0.,  0.,  0.,  ..., 12., 12., 12.],
        [ 0.,  0.,  0.,  ..., 12., 12., 12.],
        [ 0.,  0.,  0.,  ..., 12., 12., 12.]])
tensor([[0., 0., 0.,  ..., 0., 0., 0.],
        [0., 0., 0.,  ..., 0., 0., 0.],
        [0., 0., 0.,  ..., 0., 0., 0.],
        ...,
        [0., 0., 0.,  ..., 0., 0., 0.],
        [0., 0., 0.,  ..., 0., 0., 0.],
        [0., 0., 0.,  ..., 0., 0., 0.]], device='cuda:0')
2019-05-02 18:04:19.057706 [epoch 0 iteration 1]loss 2.048 | overlap 0.084
[epoch 0]loss 2.040 | overlap 0.106 | forward time 0.042s | backward time 0.083s | buildgraph time 0.099s
