tensor([[7.],
        [4.],
        [4.],
        [4.],
        [3.],
        [7.],
        [4.],
        [6.],
        [7.],
        [6.]], device='cuda:0')
(tensor([0, 0, 0, 0, 0, 0, 0, 1, 1, 1, 1, 2, 2, 2, 2, 3, 3, 3, 3, 4, 4, 4, 5, 5,
        5, 5, 5, 5, 5, 6, 6, 6, 6, 7, 7, 7, 7, 7, 7, 8, 8, 8, 8, 8, 8, 8, 9, 9,
        9, 9, 9, 9]), tensor([2, 3, 4, 5, 6, 7, 9, 3, 7, 8, 9, 0, 5, 7, 8, 0, 1, 5, 8, 0, 8, 9, 0, 2,
        3, 6, 7, 8, 9, 0, 5, 8, 9, 0, 1, 2, 5, 8, 9, 1, 2, 3, 4, 5, 6, 7, 0, 1,
        4, 5, 6, 7]))
tensor([[6.],
        [6.],
        [6.],
        [6.],
        [6.],
        [6.],
        [6.],
        [3.],
        [3.],
        [3.],
        [3.],
        [3.],
        [3.],
        [3.],
        [3.],
        [3.],
        [3.],
        [3.],
        [3.],
        [2.],
        [2.],
        [2.],
        [6.],
        [6.],
        [6.],
        [6.],
        [6.],
        [6.],
        [6.],
        [3.],
        [3.],
        [3.],
        [3.],
        [5.],
        [5.],
        [5.],
        [5.],
        [5.],
        [5.],
        [6.],
        [6.],
        [6.],
        [6.],
        [6.],
        [6.],
        [6.],
        [5.],
        [5.],
        [5.],
        [5.],
        [5.],
        [5.]], device='cuda:0')
tensor([[0., 0., 0.,  ..., 0., 0., 0.],
        [0., 0., 0.,  ..., 0., 0., 0.],
        [0., 0., 0.,  ..., 0., 0., 0.],
        ...,
        [0., 0., 0.,  ..., 0., 0., 0.],
        [0., 0., 0.,  ..., 0., 0., 0.],
        [0., 0., 0.,  ..., 0., 0., 0.]], device='cuda:0')
