tensor([[0.2500],
        [0.2000],
        [0.5000],
        [0.1667],
        [0.2000],
        [0.5000],
        [0.3333],
        [0.5000],
        [0.2500],
        [0.3333]], device='cuda:0')
tensor([[1.4500],
        [1.7833],
        [0.7000],
        [2.2333],
        [1.8667],
        [0.7000],
        [0.9500],
        [0.7000],
        [1.3167],
        [1.5333]], device='cuda:0')
tensor([0.3625, 0.3567, 0.3500, 0.3722, 0.3733, 0.3500, 0.3167, 0.3500, 0.3292,
        0.5111], device='cuda:0')
