tensor([[3.],
        [2.],
        [5.],
        [7.],
        [6.],
        [6.],
        [5.],
        [6.],
        [5.],
        [3.]], device='cuda:0')
tensor([[0.5000, 0.0000, 0.0000, 0.0000, 0.0000, 0.0000, 0.0000, 0.0000, 0.0000,
         0.0000],
        [0.0000, 1.0000, 0.0000, 0.0000, 0.0000, 0.0000, 0.0000, 0.0000, 0.0000,
         0.0000],
        [0.0000, 0.0000, 0.2500, 0.0000, 0.0000, 0.0000, 0.0000, 0.0000, 0.0000,
         0.0000],
        [0.0000, 0.0000, 0.0000, 0.1667, 0.0000, 0.0000, 0.0000, 0.0000, 0.0000,
         0.0000],
        [0.0000, 0.0000, 0.0000, 0.0000, 0.2000, 0.0000, 0.0000, 0.0000, 0.0000,
         0.0000],
        [0.0000, 0.0000, 0.0000, 0.0000, 0.0000, 0.2000, 0.0000, 0.0000, 0.0000,
         0.0000],
        [0.0000, 0.0000, 0.0000, 0.0000, 0.0000, 0.0000, 0.2500, 0.0000, 0.0000,
         0.0000],
        [0.0000, 0.0000, 0.0000, 0.0000, 0.0000, 0.0000, 0.0000, 0.2000, 0.0000,
         0.0000],
        [0.0000, 0.0000, 0.0000, 0.0000, 0.0000, 0.0000, 0.0000, 0.0000, 0.2500,
         0.0000],
        [0.0000, 0.0000, 0.0000, 0.0000, 0.0000, 0.0000, 0.0000, 0.0000, 0.0000,
         0.5000]], device='cuda:0')
tensor([[0., 0., 1., 0., 0., 1., 0., 1., 0., 0.],
        [0., 0., 0., 1., 0., 0., 0., 1., 0., 0.],
        [1., 0., 0., 0., 1., 1., 1., 0., 1., 0.],
        [0., 1., 0., 0., 1., 1., 1., 1., 1., 1.],
        [0., 0., 1., 1., 0., 0., 1., 1., 1., 1.],
        [1., 0., 1., 1., 0., 0., 1., 1., 0., 1.],
        [0., 0., 1., 1., 1., 1., 0., 0., 1., 0.],
        [1., 1., 0., 1., 1., 1., 0., 0., 1., 0.],
        [0., 0., 1., 1., 1., 0., 1., 1., 0., 0.],
        [0., 0., 0., 1., 1., 1., 0., 0., 0., 0.]], device='cuda:0')
tensor([[0.0000, 0.0000, 0.2500, 0.0000, 0.0000, 0.2000, 0.0000, 0.2000, 0.0000,
         0.0000],
        [0.0000, 0.0000, 0.0000, 0.1667, 0.0000, 0.0000, 0.0000, 0.2000, 0.0000,
         0.0000],
        [0.5000, 0.0000, 0.0000, 0.0000, 0.2000, 0.2000, 0.2500, 0.0000, 0.2500,
         0.0000],
        [0.0000, 1.0000, 0.0000, 0.0000, 0.2000, 0.2000, 0.2500, 0.2000, 0.2500,
         0.5000],
        [0.0000, 0.0000, 0.2500, 0.1667, 0.0000, 0.0000, 0.2500, 0.2000, 0.2500,
         0.5000],
        [0.5000, 0.0000, 0.2500, 0.1667, 0.0000, 0.0000, 0.2500, 0.2000, 0.0000,
         0.5000],
        [0.0000, 0.0000, 0.2500, 0.1667, 0.2000, 0.2000, 0.0000, 0.0000, 0.2500,
         0.0000],
        [0.5000, 1.0000, 0.0000, 0.1667, 0.2000, 0.2000, 0.0000, 0.0000, 0.2500,
         0.0000],
        [0.0000, 0.0000, 0.2500, 0.1667, 0.2000, 0.0000, 0.2500, 0.2000, 0.0000,
         0.0000],
        [0.0000, 0.0000, 0.0000, 0.1667, 0.2000, 0.2000, 0.0000, 0.0000, 0.0000,
         0.0000]], device='cuda:0')
tensor([[0.6500],
        [0.3667],
        [1.4000],
        [2.6000],
        [1.6167],
        [1.8667],
        [1.0667],
        [2.3167],
        [1.0667],
        [0.5667]], device='cuda:0')
tensor([0.3250, 0.3667, 0.3500, 0.4333, 0.3233, 0.3733, 0.2667, 0.4633, 0.2667,
        0.2833], device='cuda:0')
