tensor([[15.,  0.,  0.,  ...,  0.,  0.,  0.],
        [ 0., 10.,  0.,  ...,  0.,  0.,  0.],
        [ 0.,  0., 11.,  ...,  0.,  0.,  0.],
        ...,
        [ 0.,  0.,  0.,  ..., 15.,  0.,  0.],
        [ 0.,  0.,  0.,  ...,  0., 18.,  0.],
        [ 0.,  0.,  0.,  ...,  0.,  0., 19.]], device='cuda:0')
tensor([[10.,  9.,  9.,  ...,  0.,  0.,  0.],
        [ 9., 10.,  9.,  ...,  0.,  0.,  0.],
        [ 9.,  9., 10.,  ...,  0.,  0.,  0.],
        ...,
        [ 0.,  0.,  0.,  ..., 15., 14., 14.],
        [ 0.,  0.,  0.,  ..., 14., 15., 14.],
        [ 0.,  0.,  0.,  ..., 14., 14., 15.]], device='cuda:0')
tensor([[0., 0., 0.,  ..., 0., 0., 0.],
        [0., 0., 0.,  ..., 0., 0., 0.],
        [0., 0., 0.,  ..., 0., 0., 0.],
        ...,
        [0., 0., 0.,  ..., 0., 0., 0.],
        [0., 0., 0.,  ..., 0., 0., 0.],
        [0., 0., 0.,  ..., 0., 0., 0.]])
tensor([[0., 0., 0.,  ..., 0., 0., 0.],
        [0., 0., 0.,  ..., 0., 0., 0.],
        [0., 0., 0.,  ..., 0., 0., 0.],
        ...,
        [0., 0., 0.,  ..., 0., 0., 0.],
        [0., 0., 0.,  ..., 0., 0., 0.],
        [0., 0., 0.,  ..., 0., 0., 0.]], device='cuda:0')
2019-05-02 18:01:19.931626 [epoch 0 iteration 0]loss 1.783 | overlap 0.103
tensor([[13.,  0.,  0.,  ...,  0.,  0.,  0.],
        [ 0., 12.,  0.,  ...,  0.,  0.,  0.],
        [ 0.,  0., 13.,  ...,  0.,  0.,  0.],
        ...,
        [ 0.,  0.,  0.,  ..., 10.,  0.,  0.],
        [ 0.,  0.,  0.,  ...,  0., 15.,  0.],
        [ 0.,  0.,  0.,  ...,  0.,  0., 15.]], device='cuda:0')
tensor([[ 7.,  6.,  6.,  ...,  0.,  0.,  0.],
        [ 6.,  7.,  6.,  ...,  0.,  0.,  0.],
        [ 6.,  6.,  7.,  ...,  0.,  0.,  0.],
        ...,
        [ 0.,  0.,  0.,  ..., 12., 11., 11.],
        [ 0.,  0.,  0.,  ..., 11., 12., 11.],
        [ 0.,  0.,  0.,  ..., 11., 11., 12.]], device='cuda:0')
tensor([[0., 0., 0.,  ..., 0., 0., 0.],
        [0., 0., 0.,  ..., 0., 0., 0.],
        [0., 0., 0.,  ..., 0., 0., 0.],
        ...,
        [0., 0., 0.,  ..., 0., 0., 0.],
        [0., 0., 0.,  ..., 0., 0., 0.],
        [0., 0., 0.,  ..., 0., 0., 0.]])
tensor([[0., 0., 0.,  ..., 0., 0., 0.],
        [0., 0., 0.,  ..., 0., 0., 0.],
        [0., 0., 0.,  ..., 0., 0., 0.],
        ...,
        [0., 0., 0.,  ..., 0., 0., 0.],
        [0., 0., 0.,  ..., 0., 0., 0.],
        [0., 0., 0.,  ..., 0., 0., 0.]], device='cuda:0')
2019-05-02 18:01:20.902541 [epoch 0 iteration 1]loss 1.630 | overlap 0.137
[epoch 0]loss 1.706 | overlap 0.120 | forward time 0.039s | backward time 0.077s | buildgraph time 0.118s
