(tensor([0, 0, 0, 0, 0, 1, 1, 1, 2, 2, 2, 2, 2, 2, 2, 3, 3, 3, 4, 4, 4, 4, 4, 4,
        5, 5, 6, 6, 6, 7, 7, 7, 7, 7, 7, 8, 8, 8, 9, 9, 9, 9, 9, 9]), tensor([2, 3, 4, 7, 9, 2, 4, 7, 0, 1, 4, 6, 7, 8, 9, 0, 6, 9, 0, 1, 2, 7, 8, 9,
        7, 9, 2, 3, 8, 0, 1, 2, 4, 5, 9, 2, 4, 6, 0, 2, 3, 4, 5, 7]))
tensor([[6.],
        [2.],
        [5.],
        [5.],
        [5.],
        [6.],
        [5.],
        [5.],
        [4.],
        [2.],
        [5.],
        [2.],
        [5.],
        [2.],
        [5.],
        [4.],
        [2.],
        [5.],
        [4.],
        [2.],
        [6.],
        [5.],
        [2.],
        [5.],
        [5.],
        [5.],
        [6.],
        [2.],
        [2.],
        [4.],
        [2.],
        [6.],
        [5.],
        [1.],
        [5.],
        [6.],
        [5.],
        [2.],
        [4.],
        [6.],
        [2.],
        [5.],
        [1.],
        [5.]], device='cuda:0')
tensor(indices=tensor([[ 0,  0,  0,  0,  0,  0,  1,  1,  2,  2,  2,  2,  2,  3,
                         3,  3,  3,  3,  4,  4,  4,  4,  4,  5,  5,  5,  5,  5,
                         5,  6,  6,  6,  6,  6,  7,  7,  7,  7,  7,  8,  8,  8,
                         8,  9,  9, 10, 10, 10, 10, 10, 11, 11, 12, 12, 12, 12,
                        12, 13, 13, 14, 14, 14, 14, 14, 15, 15, 15, 15, 16, 16,
                        17, 17, 17, 17, 17, 18, 18, 18, 18, 19, 19, 20, 20, 20,
                        20, 20, 20, 21, 21, 21, 21, 21, 22, 22, 23, 23, 23, 23,
                        23, 24, 24, 24, 24, 24, 25, 25, 25, 25, 25, 26, 26, 26,
                        26, 26, 26, 27, 27, 28, 28, 29, 29, 29, 29, 30, 30, 31,
                        31, 31, 31, 31, 31, 32, 32, 32, 32, 32, 33, 34, 34, 34,
                        34, 34, 35, 35, 35, 35, 35, 35, 36, 36, 36, 36, 36, 37,
                        37, 38, 38, 38, 38, 39, 39, 39, 39, 39, 39, 40, 40, 41,
                        41, 41, 41, 41, 42, 43, 43, 43, 43, 43],
                       [ 9, 10, 11, 12, 13, 14, 16, 17, 19, 20, 21, 22, 23, 30,
                        31, 32, 33, 34, 39, 40, 41, 42, 43,  8, 10, 11, 12, 13,
                        14, 18, 20, 21, 22, 23, 29, 31, 32, 33, 34,  1,  2,  3,
                         4,  6,  7, 18, 19, 21, 22, 23, 27, 28, 29, 30, 32, 33,
                        34, 36, 37, 38, 40, 41, 42, 43,  0,  2,  3,  4, 26, 28,
                        38, 39, 41, 42, 43,  0,  1,  3,  4,  5,  7,  8,  9, 11,
                        12, 13, 14, 29, 30, 31, 33, 34, 35, 37, 38, 39, 40, 42,
                        43, 29, 30, 31, 32, 34, 38, 39, 40, 41, 43,  8,  9, 10,
                        12, 13, 14, 15, 17, 35, 36,  0,  1,  2,  4,  5,  6,  8,
                         9, 10, 11, 13, 14, 18, 19, 20, 22, 23, 25, 38, 39, 40,
                        41, 42,  8,  9, 10, 11, 12, 14, 18, 19, 20, 21, 23, 26,
                        27,  0,  1,  2,  3,  8,  9, 10, 11, 12, 13, 15, 16, 18,
                        19, 20, 21, 22, 24, 29, 30, 31, 32, 33]]),
       values=tensor([1., 1., 1., 1., 1., 1., 1., 1., 1., 1., 1., 1., 1., 1.,
                      1., 1., 1., 1., 1., 1., 1., 1., 1., 1., 1., 1., 1., 1.,
                      1., 1., 1., 1., 1., 1., 1., 1., 1., 1., 1., 1., 1., 1.,
                      1., 1., 1., 1., 1., 1., 1., 1., 1., 1., 1., 1., 1., 1.,
                      1., 1., 1., 1., 1., 1., 1., 1., 1., 1., 1., 1., 1., 1.,
                      1., 1., 1., 1., 1., 1., 1., 1., 1., 1., 1., 1., 1., 1.,
                      1., 1., 1., 1., 1., 1., 1., 1., 1., 1., 1., 1., 1., 1.,
                      1., 1., 1., 1., 1., 1., 1., 1., 1., 1., 1., 1., 1., 1.,
                      1., 1., 1., 1., 1., 1., 1., 1., 1., 1., 1., 1., 1., 1.,
                      1., 1., 1., 1., 1., 1., 1., 1., 1., 1., 1., 1., 1., 1.,
                      1., 1., 1., 1., 1., 1., 1., 1., 1., 1., 1., 1., 1., 1.,
                      1., 1., 1., 1., 1., 1., 1., 1., 1., 1., 1., 1., 1., 1.,
                      1., 1., 1., 1., 1., 1., 1., 1., 1., 1.]),
       device='cuda:0', size=(44, 44), nnz=178, layout=torch.sparse_coo)
