tensor([[0.2500],
        [0.2500],
        [0.5000],
        [0.3333],
        [0.2000],
        [0.2500],
        [0.2000],
        [0.5000],
        [0.2500],
        [0.3333]], device='cuda:0')
tensor([[1.4833],
        [1.7833],
        [0.7000],
        [1.0333],
        [2.0333],
        [1.5333],
        [1.5333],
        [0.7000],
        [1.2333],
        [1.0333]], device='cuda:0')
tensor([[0.3708],
        [0.4458],
        [0.3500],
        [0.3444],
        [0.4067],
        [0.3833],
        [0.3067],
        [0.3500],
        [0.3083],
        [0.3444]], device='cuda:0')
