tensor([[5.],
        [5.],
        [4.],
        [4.],
        [3.],
        [4.],
        [4.],
        [4.],
        [5.],
        [6.]], device='cuda:0')
(tensor([0, 0, 0, 0, 0, 1, 1, 1, 1, 1, 2, 2, 2, 2, 3, 3, 3, 3, 4, 4, 4, 5, 5, 5,
        5, 6, 6, 6, 6, 7, 7, 7, 7, 8, 8, 8, 8, 8, 9, 9, 9, 9, 9, 9]), tensor([2, 3, 4, 6, 7, 4, 6, 7, 8, 9, 0, 5, 8, 9, 0, 5, 6, 8, 0, 1, 9, 2, 3, 8,
        9, 0, 1, 3, 9, 0, 1, 8, 9, 1, 2, 3, 5, 7, 1, 2, 4, 5, 6, 7]))
tensor([[3.],
        [3.],
        [2.],
        [3.],
        [3.],
        [2.],
        [3.],
        [3.],
        [4.],
        [5.],
        [4.],
        [3.],
        [4.],
        [5.],
        [4.],
        [3.],
        [3.],
        [4.],
        [4.],
        [4.],
        [5.],
        [3.],
        [3.],
        [4.],
        [5.],
        [4.],
        [4.],
        [3.],
        [5.],
        [4.],
        [4.],
        [4.],
        [5.],
        [4.],
        [3.],
        [3.],
        [3.],
        [3.],
        [4.],
        [3.],
        [2.],
        [3.],
        [3.],
        [3.]], device='cuda:0')
tensor([[0., 0., 0.,  ..., 0., 0., 0.],
        [0., 0., 0.,  ..., 0., 0., 0.],
        [0., 0., 0.,  ..., 0., 0., 0.],
        ...,
        [0., 0., 0.,  ..., 0., 0., 0.],
        [0., 0., 0.,  ..., 0., 0., 0.],
        [0., 0., 0.,  ..., 0., 0., 0.]], device='cuda:0')
