tensor([[6.],
        [5.],
        [3.],
        [5.],
        [6.],
        [6.],
        [6.],
        [5.],
        [7.],
        [3.]], device='cuda:0')
tensor([[0.2000, 0.0000, 0.0000, 0.0000, 0.0000, 0.0000, 0.0000, 0.0000, 0.0000,
         0.0000],
        [0.0000, 0.2500, 0.0000, 0.0000, 0.0000, 0.0000, 0.0000, 0.0000, 0.0000,
         0.0000],
        [0.0000, 0.0000, 0.5000, 0.0000, 0.0000, 0.0000, 0.0000, 0.0000, 0.0000,
         0.0000],
        [0.0000, 0.0000, 0.0000, 0.2500, 0.0000, 0.0000, 0.0000, 0.0000, 0.0000,
         0.0000],
        [0.0000, 0.0000, 0.0000, 0.0000, 0.2000, 0.0000, 0.0000, 0.0000, 0.0000,
         0.0000],
        [0.0000, 0.0000, 0.0000, 0.0000, 0.0000, 0.2000, 0.0000, 0.0000, 0.0000,
         0.0000],
        [0.0000, 0.0000, 0.0000, 0.0000, 0.0000, 0.0000, 0.2000, 0.0000, 0.0000,
         0.0000],
        [0.0000, 0.0000, 0.0000, 0.0000, 0.0000, 0.0000, 0.0000, 0.2500, 0.0000,
         0.0000],
        [0.0000, 0.0000, 0.0000, 0.0000, 0.0000, 0.0000, 0.0000, 0.0000, 0.1667,
         0.0000],
        [0.0000, 0.0000, 0.0000, 0.0000, 0.0000, 0.0000, 0.0000, 0.0000, 0.0000,
         0.5000]], device='cuda:0')
tensor([[0., 0., 0., 1., 1., 0., 1., 1., 1., 1.],
        [0., 0., 0., 1., 1., 1., 0., 1., 1., 0.],
        [0., 0., 0., 0., 1., 0., 1., 0., 1., 0.],
        [1., 1., 0., 0., 1., 1., 0., 1., 0., 0.],
        [1., 1., 1., 1., 0., 0., 1., 0., 1., 0.],
        [0., 1., 0., 1., 0., 0., 1., 1., 1., 1.],
        [1., 0., 1., 0., 1., 1., 0., 0., 1., 1.],
        [1., 1., 0., 1., 0., 1., 0., 0., 1., 0.],
        [1., 1., 1., 0., 1., 1., 1., 1., 0., 0.],
        [1., 0., 0., 0., 0., 1., 1., 0., 0., 0.]], device='cuda:0')
tensor([[0.0000, 0.0000, 0.0000, 0.2500, 0.2000, 0.0000, 0.2000, 0.2500, 0.1667,
         0.5000],
        [0.0000, 0.0000, 0.0000, 0.2500, 0.2000, 0.2000, 0.0000, 0.2500, 0.1667,
         0.0000],
        [0.0000, 0.0000, 0.0000, 0.0000, 0.2000, 0.0000, 0.2000, 0.0000, 0.1667,
         0.0000],
        [0.2000, 0.2500, 0.0000, 0.0000, 0.2000, 0.2000, 0.0000, 0.2500, 0.0000,
         0.0000],
        [0.2000, 0.2500, 0.5000, 0.2500, 0.0000, 0.0000, 0.2000, 0.0000, 0.1667,
         0.0000],
        [0.0000, 0.2500, 0.0000, 0.2500, 0.0000, 0.0000, 0.2000, 0.2500, 0.1667,
         0.5000],
        [0.2000, 0.0000, 0.5000, 0.0000, 0.2000, 0.2000, 0.0000, 0.0000, 0.1667,
         0.5000],
        [0.2000, 0.2500, 0.0000, 0.2500, 0.0000, 0.2000, 0.0000, 0.0000, 0.1667,
         0.0000],
        [0.2000, 0.2500, 0.5000, 0.0000, 0.2000, 0.2000, 0.2000, 0.2500, 0.0000,
         0.0000],
        [0.2000, 0.0000, 0.0000, 0.0000, 0.0000, 0.2000, 0.2000, 0.0000, 0.0000,
         0.0000]], device='cuda:0')
tensor([[1.5667],
        [1.0667],
        [0.5667],
        [1.1000],
        [1.5667],
        [1.6167],
        [1.7667],
        [1.0667],
        [1.8000],
        [0.6000]], device='cuda:0')
tensor([0.3133, 0.2667, 0.2833, 0.2750, 0.3133, 0.3233, 0.3533, 0.2667, 0.3000,
        0.3000], device='cuda:0')
