(<dgl.graph.DGLGraph object at 0x2b7c45ecac50>, <dgl.graph.DGLGraph object at 0x2b7c46251e48>, tensor([[13.],
        [11.],
        [18.],
        [19.],
        [17.],
        [12.],
        [21.],
        [10.],
        [19.],
        [13.],
        [19.],
        [17.],
        [11.],
        [10.],
        [12.],
        [13.],
        [14.],
        [14.],
        [21.],
        [17.],
        [16.],
        [17.],
        [19.],
        [11.],
        [20.],
        [13.],
        [19.],
        [ 8.],
        [17.],
        [18.],
        [21.],
        [18.],
        [13.],
        [14.],
        [19.],
        [18.],
        [11.],
        [14.],
        [14.],
        [12.],
        [16.],
        [13.],
        [12.],
        [ 8.],
        [16.],
        [14.],
        [15.],
        [12.],
        [17.],
        [ 8.],
        [13.],
        [12.],
        [11.],
        [14.],
        [15.],
        [14.],
        [18.],
        [13.],
        [13.],
        [ 7.],
        [ 8.],
        [18.],
        [13.],
        [25.],
        [ 7.],
        [12.],
        [ 9.],
        [13.],
        [12.],
        [20.],
        [10.],
        [15.],
        [14.],
        [17.],
        [18.],
        [15.],
        [13.],
        [10.],
        [14.],
        [15.],
        [ 7.],
        [15.],
        [13.],
        [17.],
        [12.],
        [13.],
        [13.],
        [13.],
        [17.],
        [ 8.],
        [16.],
        [10.],
        [16.],
        [16.],
        [15.],
        [20.],
        [17.],
        [15.],
        [12.],
        [21.],
        [12.],
        [ 9.],
        [16.],
        [13.],
        [17.],
        [15.],
        [16.],
        [10.],
        [16.],
        [10.],
        [16.],
        [12.],
        [15.],
        [20.],
        [16.],
        [14.],
        [13.],
        [19.],
        [14.],
        [ 7.],
        [14.],
        [11.],
        [15.],
        [16.],
        [19.],
        [16.],
        [13.],
        [16.],
        [14.],
        [11.],
        [12.],
        [14.],
        [14.],
        [14.],
        [16.],
        [12.],
        [17.],
        [10.],
        [18.],
        [12.],
        [12.],
        [18.],
        [14.],
        [18.],
        [13.],
        [17.],
        [13.],
        [12.],
        [16.],
        [12.],
        [16.],
        [18.],
        [18.],
        [12.],
        [10.],
        [14.],
        [16.],
        [18.],
        [21.],
        [14.],
        [15.],
        [10.],
        [19.],
        [ 7.],
        [17.],
        [15.],
        [11.],
        [15.],
        [17.],
        [16.],
        [15.],
        [18.],
        [14.],
        [19.],
        [12.],
        [17.],
        [13.],
        [18.],
        [14.],
        [11.],
        [10.],
        [16.],
        [16.],
        [21.],
        [17.],
        [14.],
        [11.],
        [17.],
        [14.],
        [15.],
        [17.],
        [17.],
        [18.],
        [13.],
        [21.],
        [13.],
        [16.],
        [15.],
        [21.],
        [20.],
        [11.],
        [14.],
        [15.],
        [11.],
        [ 8.],
        [14.],
        [10.],
        [12.],
        [17.],
        [18.],
        [12.],
        [13.],
        [17.],
        [10.],
        [14.],
        [11.],
        [12.],
        [10.],
        [19.],
        [14.],
        [11.],
        [18.],
        [11.],
        [11.],
        [11.],
        [15.],
        [13.],
        [ 8.],
        [18.],
        [13.],
        [21.],
        [11.],
        [14.],
        [16.],
        [10.],
        [16.],
        [ 9.],
        [17.],
        [20.],
        [12.],
        [13.],
        [12.],
        [20.],
        [13.],
        [20.],
        [10.],
        [13.],
        [14.],
        [12.],
        [10.],
        [15.],
        [14.],
        [22.],
        [18.],
        [15.],
        [14.],
        [17.],
        [12.],
        [14.],
        [14.],
        [20.],
        [12.],
        [15.],
        [13.],
        [11.],
        [14.],
        [16.],
        [ 8.],
        [19.],
        [21.],
        [14.],
        [14.],
        [16.],
        [11.],
        [10.],
        [18.],
        [18.],
        [18.],
        [11.],
        [16.],
        [27.],
        [16.],
        [14.],
        [ 8.],
        [17.],
        [10.],
        [16.],
        [20.],
        [12.],
        [11.],
        [17.],
        [13.],
        [18.],
        [15.],
        [ 8.],
        [12.],
        [20.],
        [15.],
        [11.],
        [15.],
        [15.],
        [15.],
        [11.],
        [13.],
        [15.],
        [11.],
        [13.],
        [14.],
        [ 5.],
        [14.],
        [15.],
        [14.],
        [18.],
        [14.],
        [21.],
        [ 9.],
        [13.],
        [15.],
        [12.],
        [13.],
        [12.],
        [18.],
        [17.],
        [11.],
        [20.],
        [13.],
        [10.],
        [14.],
        [11.],
        [12.],
        [ 6.],
        [12.],
        [16.],
        [13.],
        [17.],
        [14.],
        [15.],
        [14.],
        [13.],
        [14.],
        [13.],
        [ 8.],
        [18.],
        [15.],
        [11.],
        [13.],
        [15.],
        [11.],
        [11.],
        [15.],
        [20.],
        [15.],
        [18.],
        [ 8.],
        [16.],
        [17.],
        [16.],
        [18.],
        [19.],
        [ 9.],
        [12.],
        [16.],
        [16.],
        [11.],
        [11.],
        [12.],
        [11.],
        [12.],
        [17.],
        [18.],
        [16.],
        [12.],
        [20.],
        [17.],
        [16.],
        [16.],
        [14.],
        [16.],
        [12.],
        [11.],
        [11.],
        [20.],
        [13.],
        [24.],
        [23.],
        [17.],
        [12.],
        [14.],
        [ 7.],
        [17.],
        [15.],
        [10.],
        [20.],
        [10.],
        [15.],
        [12.],
        [16.],
        [22.],
        [10.],
        [20.]]), tensor([[12.],
        [12.],
        [12.],
        ...,
        [19.],
        [19.],
        [19.]]), tensor([  0,   0,   0,  ..., 399, 399, 399]))
[epoch 0]loss 1.538 | overlap 0.139 | forward time 0.378s | backward time 0.336s
[epoch 0]overlap: 0.075 - 0.044 - 0.031 - 0.034 - 0.044 - 0.094 - 0.066 - 0.078
